[2023-12-10 15:14:59] laravel.EMERGENCY: Unable to create configured logger. Using emergency logger. {"exception":"[object] (InvalidArgumentException(code: 0): Log [] is not defined. at /home/aymanpatel/Desktop/github/seed-million-db/vendor/laravel/framework/src/Illuminate/Log/LogManager.php:212)
[stacktrace]
#0 /home/aymanpatel/Desktop/github/seed-million-db/vendor/laravel/framework/src/Illuminate/Log/LogManager.php(137): Illuminate\\Log\\LogManager->resolve()
#1 /home/aymanpatel/Desktop/github/seed-million-db/vendor/laravel/framework/src/Illuminate/Log/LogManager.php(124): Illuminate\\Log\\LogManager->get()
#2 /home/aymanpatel/Desktop/github/seed-million-db/vendor/laravel/framework/src/Illuminate/Log/LogManager.php(665): Illuminate\\Log\\LogManager->driver()
#3 /home/aymanpatel/Desktop/github/seed-million-db/vendor/laravel/framework/src/Illuminate/Foundation/Exceptions/Handler.php(317): Illuminate\\Log\\LogManager->error()
#4 /home/aymanpatel/Desktop/github/seed-million-db/vendor/laravel/framework/src/Illuminate/Foundation/Exceptions/Handler.php(278): Illuminate\\Foundation\\Exceptions\\Handler->reportThrowable()
#5 /home/aymanpatel/Desktop/github/seed-million-db/vendor/nunomaduro/collision/src/Adapters/Laravel/ExceptionHandler.php(46): Illuminate\\Foundation\\Exceptions\\Handler->report()
#6 /home/aymanpatel/Desktop/github/seed-million-db/vendor/laravel/framework/src/Illuminate/Foundation/Console/Kernel.php(523): NunoMaduro\\Collision\\Adapters\\Laravel\\ExceptionHandler->report()
#7 /home/aymanpatel/Desktop/github/seed-million-db/vendor/laravel/framework/src/Illuminate/Foundation/Console/Kernel.php(203): Illuminate\\Foundation\\Console\\Kernel->reportException()
#8 /home/aymanpatel/Desktop/github/seed-million-db/artisan(35): Illuminate\\Foundation\\Console\\Kernel->handle()
#9 {main}
"} 
[2023-12-10 15:14:59] laravel.ERROR: SQLSTATE[HY000] [1049] Unknown database 'seed_million' (Connection: mysql, SQL: select table_name as `name`, (data_length + index_length) as `size`, table_comment as `comment`, engine as `engine`, table_collation as `collation` from information_schema.tables where table_schema = 'seed_million' and table_type = 'BASE TABLE' order by table_name) {"exception":"[object] (Illuminate\\Database\\QueryException(code: 1049): SQLSTATE[HY000] [1049] Unknown database 'seed_million' (Connection: mysql, SQL: select table_name as `name`, (data_length + index_length) as `size`, table_comment as `comment`, engine as `engine`, table_collation as `collation` from information_schema.tables where table_schema = 'seed_million' and table_type = 'BASE TABLE' order by table_name) at /home/aymanpatel/Desktop/github/seed-million-db/vendor/laravel/framework/src/Illuminate/Database/Connection.php:822)
[stacktrace]
#0 /home/aymanpatel/Desktop/github/seed-million-db/vendor/laravel/framework/src/Illuminate/Database/Connection.php(776): Illuminate\\Database\\Connection->runQueryCallback()
#1 /home/aymanpatel/Desktop/github/seed-million-db/vendor/laravel/framework/src/Illuminate/Database/Connection.php(407): Illuminate\\Database\\Connection->run()
#2 /home/aymanpatel/Desktop/github/seed-million-db/vendor/laravel/framework/src/Illuminate/Database/Connection.php(394): Illuminate\\Database\\Connection->select()
#3 /home/aymanpatel/Desktop/github/seed-million-db/vendor/laravel/framework/src/Illuminate/Database/Schema/MySqlBuilder.php(41): Illuminate\\Database\\Connection->selectFromWriteConnection()
#4 /home/aymanpatel/Desktop/github/seed-million-db/vendor/laravel/framework/src/Illuminate/Database/Schema/MySqlBuilder.php(113): Illuminate\\Database\\Schema\\MySqlBuilder->getTables()
#5 /home/aymanpatel/Desktop/github/seed-million-db/vendor/laravel/framework/src/Illuminate/Database/Console/WipeCommand.php(71): Illuminate\\Database\\Schema\\MySqlBuilder->dropAllTables()
#6 /home/aymanpatel/Desktop/github/seed-million-db/vendor/laravel/framework/src/Illuminate/Database/Console/WipeCommand.php(48): Illuminate\\Database\\Console\\WipeCommand->dropAllTables()
#7 /home/aymanpatel/Desktop/github/seed-million-db/vendor/laravel/framework/src/Illuminate/Container/BoundMethod.php(36): Illuminate\\Database\\Console\\WipeCommand->handle()
#8 /home/aymanpatel/Desktop/github/seed-million-db/vendor/laravel/framework/src/Illuminate/Container/Util.php(41): Illuminate\\Container\\BoundMethod::Illuminate\\Container\\{closure}()
#9 /home/aymanpatel/Desktop/github/seed-million-db/vendor/laravel/framework/src/Illuminate/Container/BoundMethod.php(93): Illuminate\\Container\\Util::unwrapIfClosure()
#10 /home/aymanpatel/Desktop/github/seed-million-db/vendor/laravel/framework/src/Illuminate/Container/BoundMethod.php(35): Illuminate\\Container\\BoundMethod::callBoundMethod()
#11 /home/aymanpatel/Desktop/github/seed-million-db/vendor/laravel/framework/src/Illuminate/Container/Container.php(662): Illuminate\\Container\\BoundMethod::call()
#12 /home/aymanpatel/Desktop/github/seed-million-db/vendor/laravel/framework/src/Illuminate/Console/Command.php(211): Illuminate\\Container\\Container->call()
#13 /home/aymanpatel/Desktop/github/seed-million-db/vendor/symfony/console/Command/Command.php(326): Illuminate\\Console\\Command->execute()
#14 /home/aymanpatel/Desktop/github/seed-million-db/vendor/laravel/framework/src/Illuminate/Console/Command.php(180): Symfony\\Component\\Console\\Command\\Command->run()
#15 /home/aymanpatel/Desktop/github/seed-million-db/vendor/laravel/framework/src/Illuminate/Console/Concerns/CallsCommands.php(67): Illuminate\\Console\\Command->run()
#16 /home/aymanpatel/Desktop/github/seed-million-db/vendor/laravel/framework/src/Illuminate/Console/Concerns/CallsCommands.php(40): Illuminate\\Console\\Command->runCommand()
#17 /home/aymanpatel/Desktop/github/seed-million-db/vendor/laravel/framework/src/Illuminate/Database/Console/Migrations/FreshCommand.php(44): Illuminate\\Console\\Command->callSilent()
#18 /home/aymanpatel/Desktop/github/seed-million-db/vendor/laravel/framework/src/Illuminate/Console/View/Components/Task.php(37): Illuminate\\Database\\Console\\Migrations\\FreshCommand->Illuminate\\Database\\Console\\Migrations\\{closure}()
#19 /home/aymanpatel/Desktop/github/seed-million-db/vendor/laravel/framework/src/Illuminate/Console/View/Components/Factory.php(58): Illuminate\\Console\\View\\Components\\Task->render()
#20 /home/aymanpatel/Desktop/github/seed-million-db/vendor/laravel/framework/src/Illuminate/Database/Console/Migrations/FreshCommand.php(44): Illuminate\\Console\\View\\Components\\Factory->__call()
#21 /home/aymanpatel/Desktop/github/seed-million-db/vendor/laravel/framework/src/Illuminate/Container/BoundMethod.php(36): Illuminate\\Database\\Console\\Migrations\\FreshCommand->handle()
#22 /home/aymanpatel/Desktop/github/seed-million-db/vendor/laravel/framework/src/Illuminate/Container/Util.php(41): Illuminate\\Container\\BoundMethod::Illuminate\\Container\\{closure}()
#23 /home/aymanpatel/Desktop/github/seed-million-db/vendor/laravel/framework/src/Illuminate/Container/BoundMethod.php(93): Illuminate\\Container\\Util::unwrapIfClosure()
#24 /home/aymanpatel/Desktop/github/seed-million-db/vendor/laravel/framework/src/Illuminate/Container/BoundMethod.php(35): Illuminate\\Container\\BoundMethod::callBoundMethod()
#25 /home/aymanpatel/Desktop/github/seed-million-db/vendor/laravel/framework/src/Illuminate/Container/Container.php(662): Illuminate\\Container\\BoundMethod::call()
#26 /home/aymanpatel/Desktop/github/seed-million-db/vendor/laravel/framework/src/Illuminate/Console/Command.php(211): Illuminate\\Container\\Container->call()
#27 /home/aymanpatel/Desktop/github/seed-million-db/vendor/symfony/console/Command/Command.php(326): Illuminate\\Console\\Command->execute()
#28 /home/aymanpatel/Desktop/github/seed-million-db/vendor/laravel/framework/src/Illuminate/Console/Command.php(180): Symfony\\Component\\Console\\Command\\Command->run()
#29 /home/aymanpatel/Desktop/github/seed-million-db/vendor/symfony/console/Application.php(1096): Illuminate\\Console\\Command->run()
#30 /home/aymanpatel/Desktop/github/seed-million-db/vendor/symfony/console/Application.php(324): Symfony\\Component\\Console\\Application->doRunCommand()
#31 /home/aymanpatel/Desktop/github/seed-million-db/vendor/symfony/console/Application.php(175): Symfony\\Component\\Console\\Application->doRun()
#32 /home/aymanpatel/Desktop/github/seed-million-db/vendor/laravel/framework/src/Illuminate/Foundation/Console/Kernel.php(201): Symfony\\Component\\Console\\Application->run()
#33 /home/aymanpatel/Desktop/github/seed-million-db/artisan(35): Illuminate\\Foundation\\Console\\Kernel->handle()
#34 {main}

[previous exception] [object] (PDOException(code: 1049): SQLSTATE[HY000] [1049] Unknown database 'seed_million' at /home/aymanpatel/Desktop/github/seed-million-db/vendor/laravel/framework/src/Illuminate/Database/Connectors/Connector.php:65)
[stacktrace]
#0 /home/aymanpatel/Desktop/github/seed-million-db/vendor/laravel/framework/src/Illuminate/Database/Connectors/Connector.php(65): PDO->__construct()
#1 /home/aymanpatel/Desktop/github/seed-million-db/vendor/laravel/framework/src/Illuminate/Database/Connectors/Connector.php(44): Illuminate\\Database\\Connectors\\Connector->createPdoConnection()
#2 /home/aymanpatel/Desktop/github/seed-million-db/vendor/laravel/framework/src/Illuminate/Database/Connectors/MySqlConnector.php(24): Illuminate\\Database\\Connectors\\Connector->createConnection()
#3 /home/aymanpatel/Desktop/github/seed-million-db/vendor/laravel/framework/src/Illuminate/Database/Connectors/ConnectionFactory.php(184): Illuminate\\Database\\Connectors\\MySqlConnector->connect()
#4 [internal function]: Illuminate\\Database\\Connectors\\ConnectionFactory->Illuminate\\Database\\Connectors\\{closure}()
#5 /home/aymanpatel/Desktop/github/seed-million-db/vendor/laravel/framework/src/Illuminate/Database/Connection.php(1319): call_user_func()
#6 /home/aymanpatel/Desktop/github/seed-million-db/vendor/laravel/framework/src/Illuminate/Database/Connection.php(521): Illuminate\\Database\\Connection->getPdo()
#7 /home/aymanpatel/Desktop/github/seed-million-db/vendor/laravel/framework/src/Illuminate/Database/Connection.php(416): Illuminate\\Database\\Connection->getPdoForSelect()
#8 /home/aymanpatel/Desktop/github/seed-million-db/vendor/laravel/framework/src/Illuminate/Database/Connection.php(809): Illuminate\\Database\\Connection->Illuminate\\Database\\{closure}()
#9 /home/aymanpatel/Desktop/github/seed-million-db/vendor/laravel/framework/src/Illuminate/Database/Connection.php(776): Illuminate\\Database\\Connection->runQueryCallback()
#10 /home/aymanpatel/Desktop/github/seed-million-db/vendor/laravel/framework/src/Illuminate/Database/Connection.php(407): Illuminate\\Database\\Connection->run()
#11 /home/aymanpatel/Desktop/github/seed-million-db/vendor/laravel/framework/src/Illuminate/Database/Connection.php(394): Illuminate\\Database\\Connection->select()
#12 /home/aymanpatel/Desktop/github/seed-million-db/vendor/laravel/framework/src/Illuminate/Database/Schema/MySqlBuilder.php(41): Illuminate\\Database\\Connection->selectFromWriteConnection()
#13 /home/aymanpatel/Desktop/github/seed-million-db/vendor/laravel/framework/src/Illuminate/Database/Schema/MySqlBuilder.php(113): Illuminate\\Database\\Schema\\MySqlBuilder->getTables()
#14 /home/aymanpatel/Desktop/github/seed-million-db/vendor/laravel/framework/src/Illuminate/Database/Console/WipeCommand.php(71): Illuminate\\Database\\Schema\\MySqlBuilder->dropAllTables()
#15 /home/aymanpatel/Desktop/github/seed-million-db/vendor/laravel/framework/src/Illuminate/Database/Console/WipeCommand.php(48): Illuminate\\Database\\Console\\WipeCommand->dropAllTables()
#16 /home/aymanpatel/Desktop/github/seed-million-db/vendor/laravel/framework/src/Illuminate/Container/BoundMethod.php(36): Illuminate\\Database\\Console\\WipeCommand->handle()
#17 /home/aymanpatel/Desktop/github/seed-million-db/vendor/laravel/framework/src/Illuminate/Container/Util.php(41): Illuminate\\Container\\BoundMethod::Illuminate\\Container\\{closure}()
#18 /home/aymanpatel/Desktop/github/seed-million-db/vendor/laravel/framework/src/Illuminate/Container/BoundMethod.php(93): Illuminate\\Container\\Util::unwrapIfClosure()
#19 /home/aymanpatel/Desktop/github/seed-million-db/vendor/laravel/framework/src/Illuminate/Container/BoundMethod.php(35): Illuminate\\Container\\BoundMethod::callBoundMethod()
#20 /home/aymanpatel/Desktop/github/seed-million-db/vendor/laravel/framework/src/Illuminate/Container/Container.php(662): Illuminate\\Container\\BoundMethod::call()
#21 /home/aymanpatel/Desktop/github/seed-million-db/vendor/laravel/framework/src/Illuminate/Console/Command.php(211): Illuminate\\Container\\Container->call()
#22 /home/aymanpatel/Desktop/github/seed-million-db/vendor/symfony/console/Command/Command.php(326): Illuminate\\Console\\Command->execute()
#23 /home/aymanpatel/Desktop/github/seed-million-db/vendor/laravel/framework/src/Illuminate/Console/Command.php(180): Symfony\\Component\\Console\\Command\\Command->run()
#24 /home/aymanpatel/Desktop/github/seed-million-db/vendor/laravel/framework/src/Illuminate/Console/Concerns/CallsCommands.php(67): Illuminate\\Console\\Command->run()
#25 /home/aymanpatel/Desktop/github/seed-million-db/vendor/laravel/framework/src/Illuminate/Console/Concerns/CallsCommands.php(40): Illuminate\\Console\\Command->runCommand()
#26 /home/aymanpatel/Desktop/github/seed-million-db/vendor/laravel/framework/src/Illuminate/Database/Console/Migrations/FreshCommand.php(44): Illuminate\\Console\\Command->callSilent()
#27 /home/aymanpatel/Desktop/github/seed-million-db/vendor/laravel/framework/src/Illuminate/Console/View/Components/Task.php(37): Illuminate\\Database\\Console\\Migrations\\FreshCommand->Illuminate\\Database\\Console\\Migrations\\{closure}()
#28 /home/aymanpatel/Desktop/github/seed-million-db/vendor/laravel/framework/src/Illuminate/Console/View/Components/Factory.php(58): Illuminate\\Console\\View\\Components\\Task->render()
#29 /home/aymanpatel/Desktop/github/seed-million-db/vendor/laravel/framework/src/Illuminate/Database/Console/Migrations/FreshCommand.php(44): Illuminate\\Console\\View\\Components\\Factory->__call()
#30 /home/aymanpatel/Desktop/github/seed-million-db/vendor/laravel/framework/src/Illuminate/Container/BoundMethod.php(36): Illuminate\\Database\\Console\\Migrations\\FreshCommand->handle()
#31 /home/aymanpatel/Desktop/github/seed-million-db/vendor/laravel/framework/src/Illuminate/Container/Util.php(41): Illuminate\\Container\\BoundMethod::Illuminate\\Container\\{closure}()
#32 /home/aymanpatel/Desktop/github/seed-million-db/vendor/laravel/framework/src/Illuminate/Container/BoundMethod.php(93): Illuminate\\Container\\Util::unwrapIfClosure()
#33 /home/aymanpatel/Desktop/github/seed-million-db/vendor/laravel/framework/src/Illuminate/Container/BoundMethod.php(35): Illuminate\\Container\\BoundMethod::callBoundMethod()
#34 /home/aymanpatel/Desktop/github/seed-million-db/vendor/laravel/framework/src/Illuminate/Container/Container.php(662): Illuminate\\Container\\BoundMethod::call()
#35 /home/aymanpatel/Desktop/github/seed-million-db/vendor/laravel/framework/src/Illuminate/Console/Command.php(211): Illuminate\\Container\\Container->call()
#36 /home/aymanpatel/Desktop/github/seed-million-db/vendor/symfony/console/Command/Command.php(326): Illuminate\\Console\\Command->execute()
#37 /home/aymanpatel/Desktop/github/seed-million-db/vendor/laravel/framework/src/Illuminate/Console/Command.php(180): Symfony\\Component\\Console\\Command\\Command->run()
#38 /home/aymanpatel/Desktop/github/seed-million-db/vendor/symfony/console/Application.php(1096): Illuminate\\Console\\Command->run()
#39 /home/aymanpatel/Desktop/github/seed-million-db/vendor/symfony/console/Application.php(324): Symfony\\Component\\Console\\Application->doRunCommand()
#40 /home/aymanpatel/Desktop/github/seed-million-db/vendor/symfony/console/Application.php(175): Symfony\\Component\\Console\\Application->doRun()
#41 /home/aymanpatel/Desktop/github/seed-million-db/vendor/laravel/framework/src/Illuminate/Foundation/Console/Kernel.php(201): Symfony\\Component\\Console\\Application->run()
#42 /home/aymanpatel/Desktop/github/seed-million-db/artisan(35): Illuminate\\Foundation\\Console\\Kernel->handle()
#43 {main}
"} 
